c:\users\catinca\source\repos\a45-912-cotor-catinca\masterc++\masterc++\debug\vc142.pdb
c:\users\catinca\source\repos\a45-912-cotor-catinca\masterc++\masterc++\debug\vc142.idb
c:\users\catinca\source\repos\a45-912-cotor-catinca\masterc++\masterc++\debug\ui.obj
c:\users\catinca\source\repos\a45-912-cotor-catinca\masterc++\masterc++\debug\tests.obj
c:\users\catinca\source\repos\a45-912-cotor-catinca\masterc++\masterc++\debug\service.obj
c:\users\catinca\source\repos\a45-912-cotor-catinca\masterc++\masterc++\debug\repo.obj
c:\users\catinca\source\repos\a45-912-cotor-catinca\masterc++\masterc++\debug\masterc.obj
c:\users\catinca\source\repos\a45-912-cotor-catinca\masterc++\masterc++\debug\dynarray.obj
c:\users\catinca\source\repos\a45-912-cotor-catinca\masterc++\masterc++\debug\app.obj
c:\users\catinca\source\repos\a45-912-cotor-catinca\masterc++\masterc++\debug\app.nativecodeanalysis.xml
c:\users\catinca\source\repos\a45-912-cotor-catinca\masterc++\masterc++\debug\dynarray.nativecodeanalysis.xml
c:\users\catinca\source\repos\a45-912-cotor-catinca\masterc++\masterc++\debug\masterc.nativecodeanalysis.xml
c:\users\catinca\source\repos\a45-912-cotor-catinca\masterc++\masterc++\debug\repo.nativecodeanalysis.xml
c:\users\catinca\source\repos\a45-912-cotor-catinca\masterc++\masterc++\debug\service.nativecodeanalysis.xml
c:\users\catinca\source\repos\a45-912-cotor-catinca\masterc++\masterc++\debug\tests.nativecodeanalysis.xml
c:\users\catinca\source\repos\a45-912-cotor-catinca\masterc++\masterc++\debug\ui.nativecodeanalysis.xml
c:\users\catinca\source\repos\a45-912-cotor-catinca\masterc++\masterc++\debug\vc.nativecodeanalysis.all.xml
c:\users\catinca\source\repos\a45-912-cotor-catinca\masterc++\debug\masterc++.exe
c:\users\catinca\source\repos\a45-912-cotor-catinca\masterc++\masterc++\debug\masterc++.tlog\cl.command.1.tlog
c:\users\catinca\source\repos\a45-912-cotor-catinca\masterc++\masterc++\debug\masterc++.tlog\cl.read.1.tlog
c:\users\catinca\source\repos\a45-912-cotor-catinca\masterc++\masterc++\debug\masterc++.tlog\cl.write.1.tlog
c:\users\catinca\source\repos\a45-912-cotor-catinca\masterc++\masterc++\debug\masterc++.tlog\link.command.1.tlog
c:\users\catinca\source\repos\a45-912-cotor-catinca\masterc++\masterc++\debug\masterc++.tlog\link.read.1.tlog
c:\users\catinca\source\repos\a45-912-cotor-catinca\masterc++\masterc++\debug\masterc++.tlog\link.write.1.tlog
